<?xml version="1.0" encoding="UTF-8"?>
<!-- Generated by org.testng.reporters.JUnitXMLReporter -->
<testsuite hostname="GVG139" failures="6" tests="9" name="Priority1Test" time="569.882" errors="0" timestamp="16 Aug 2022 11:19:07 GMT">
  <testcase classname="com.pom.TaraMerchant.Onboarding_Test" name="Add_PaymentTest" time="310.972"/>
  <testcase classname="com.pom.TaraMerchant.Logout_Test" name="Logout" time="62.964"/>
  <testcase classname="com.pom.TaraMerchant.ChangeLanguage_Test" name="ChangeLanguage" time="55.784"/>
  <testcase classname="com.pom.TaraMerchant.AddProduct_Test" name="AddProduct" time="71.102">
    <failure type="org.openqa.selenium.NoSuchElementException" message="An element could not be located on the page using the given search parameters. (WARNING: The server did not provide any stacktrace information)
Command duration or timeout: 10.06 seconds
For documentation on this error, please visit: http://seleniumhq.org/exceptions/no_such_element.html
Build info: version: &amp;apos;2.53.0&amp;apos;, revision: &amp;apos;35ae25b1534ae328c771e0856c93e187490ca824&amp;apos;, time: &amp;apos;2016-03-15 10:43:46&amp;apos;
System info: host: &amp;apos;GVG139&amp;apos;, ip: &amp;apos;192.168.1.229&amp;apos;, os.name: &amp;apos;Windows 10&amp;apos;, os.arch: &amp;apos;amd64&amp;apos;, os.version: &amp;apos;10.0&amp;apos;, java.version: &amp;apos;18.0.1.1&amp;apos;
Driver info: io.appium.java_client.android.AndroidDriver
Capabilities [{appPackage=app.tara.tara_app, statBarHeight=93, noReset=true, viewportRect={top=93, left=0, width=1080, height=2084}, deviceName=9ecba005, fullReset=false, platform=LINUX, deviceUDID=9ecba005, desired={appPackage=app.tara.tara_app, app=C:\Users\SasikalaMukkara\git\repository2\POM_TaraMerchant\apk\UnifiedApp-release_uat-3.0.0(7).apk, appActivity=app.tara.tara_app.MainActivity, noReset=true, newCommandTimeout=180, platformVersion=11, browserName=, autoGrantPermissions=true, udid=9ecba005, platformName=Android, deviceName=Redmi Sasi, fullReset=false}, newCommandTimeout=180, platformVersion=11, webStorageEnabled=false, takesScreenshot=true, browserName=, javascriptEnabled=true, udid=9ecba005, platformName=Android, deviceApiLevel=30, deviceManufacturer=Xiaomi, app=C:\Users\SasikalaMukkara\git\repository2\POM_TaraMerchant\apk\UnifiedApp-release_uat-3.0.0(7).apk, deviceScreenSize=1080x2400, networkConnectionEnabled=true, warnings={}, databaseEnabled=false, appActivity=app.tara.tara_app.MainActivity, pixelRatio=2.75, locationContextEnabled=false, autoGrantPermissions=true, deviceScreenDensity=440, deviceModel=M2101K6P}]
Session ID: d8af22cb-85de-420c-ae09-fd245a0d1e7e
*** Element info: {Using=xpath, value=//android.widget.EditText[@index=&amp;apos;1&amp;apos;]}">
      <![CDATA[org.openqa.selenium.NoSuchElementException: An element could not be located on the page using the given search parameters. (WARNING: The server did not provide any stacktrace information)
Command duration or timeout: 10.06 seconds
For documentation on this error, please visit: http://seleniumhq.org/exceptions/no_such_element.html
Build info: version: '2.53.0', revision: '35ae25b1534ae328c771e0856c93e187490ca824', time: '2016-03-15 10:43:46'
System info: host: 'GVG139', ip: '192.168.1.229', os.name: 'Windows 10', os.arch: 'amd64', os.version: '10.0', java.version: '18.0.1.1'
Driver info: io.appium.java_client.android.AndroidDriver
Capabilities [{appPackage=app.tara.tara_app, statBarHeight=93, noReset=true, viewportRect={top=93, left=0, width=1080, height=2084}, deviceName=9ecba005, fullReset=false, platform=LINUX, deviceUDID=9ecba005, desired={appPackage=app.tara.tara_app, app=C:\Users\SasikalaMukkara\git\repository2\POM_TaraMerchant\apk\UnifiedApp-release_uat-3.0.0(7).apk, appActivity=app.tara.tara_app.MainActivity, noReset=true, newCommandTimeout=180, platformVersion=11, browserName=, autoGrantPermissions=true, udid=9ecba005, platformName=Android, deviceName=Redmi Sasi, fullReset=false}, newCommandTimeout=180, platformVersion=11, webStorageEnabled=false, takesScreenshot=true, browserName=, javascriptEnabled=true, udid=9ecba005, platformName=Android, deviceApiLevel=30, deviceManufacturer=Xiaomi, app=C:\Users\SasikalaMukkara\git\repository2\POM_TaraMerchant\apk\UnifiedApp-release_uat-3.0.0(7).apk, deviceScreenSize=1080x2400, networkConnectionEnabled=true, warnings={}, databaseEnabled=false, appActivity=app.tara.tara_app.MainActivity, pixelRatio=2.75, locationContextEnabled=false, autoGrantPermissions=true, deviceScreenDensity=440, deviceModel=M2101K6P}]
Session ID: d8af22cb-85de-420c-ae09-fd245a0d1e7e
*** Element info: {Using=xpath, value=//android.widget.EditText[@index='1']}
	at org.openqa.selenium.remote.ErrorHandler.createThrowable(ErrorHandler.java:206)
	at org.openqa.selenium.remote.ErrorHandler.throwIfResponseFailed(ErrorHandler.java:158)
	at org.openqa.selenium.remote.RemoteWebDriver.execute(RemoteWebDriver.java:678)
	at io.appium.java_client.DefaultGenericMobileDriver.execute(DefaultGenericMobileDriver.java:42)
	at io.appium.java_client.AppiumDriver.execute(AppiumDriver.java:1)
	at io.appium.java_client.android.AndroidDriver.execute(AndroidDriver.java:1)
	at org.openqa.selenium.remote.RemoteWebDriver.findElement(RemoteWebDriver.java:363)
	at org.openqa.selenium.remote.RemoteWebDriver.findElementByXPath(RemoteWebDriver.java:500)
	at io.appium.java_client.DefaultGenericMobileDriver.findElementByXPath(DefaultGenericMobileDriver.java:132)
	at io.appium.java_client.AppiumDriver.findElementByXPath(AppiumDriver.java:1)
	at io.appium.java_client.android.AndroidDriver.findElementByXPath(AndroidDriver.java:1)
	at org.openqa.selenium.By$ByXPath.findElement(By.java:361)
	at org.openqa.selenium.remote.RemoteWebDriver.findElement(RemoteWebDriver.java:355)
	at io.appium.java_client.DefaultGenericMobileDriver.findElement(DefaultGenericMobileDriver.java:52)
	at io.appium.java_client.AppiumDriver.findElement(AppiumDriver.java:1)
	at io.appium.java_client.android.AndroidDriver.findElement(AndroidDriver.java:1)
	at org.openqa.selenium.support.pagefactory.DefaultElementLocator.findElement(DefaultElementLocator.java:69)
	at org.openqa.selenium.support.pagefactory.internal.LocatingElementHandler.invoke(LocatingElementHandler.java:38)
	at jdk.proxy2/jdk.proxy2.$Proxy11.sendKeys(Unknown Source)
	at com.pom.TaraMerchant.pages.AddProduct_Page.AddProduct(AddProduct_Page.java:140)
	at com.pom.TaraMerchant.AddProduct_Test.AddProduct(AddProduct_Test.java:55)
... Removed 25 stack frames]]>
    </failure>
  </testcase> <!-- AddProduct -->
  <testcase classname="com.pom.TaraMerchant.AddProduct_Test" name="UploadCSV" time="10.111">
    <failure type="org.openqa.selenium.NoSuchElementException" message="An element could not be located on the page using the given search parameters. (WARNING: The server did not provide any stacktrace information)
Command duration or timeout: 10.10 seconds
For documentation on this error, please visit: http://seleniumhq.org/exceptions/no_such_element.html
Build info: version: &amp;apos;2.53.0&amp;apos;, revision: &amp;apos;35ae25b1534ae328c771e0856c93e187490ca824&amp;apos;, time: &amp;apos;2016-03-15 10:43:46&amp;apos;
System info: host: &amp;apos;GVG139&amp;apos;, ip: &amp;apos;192.168.1.229&amp;apos;, os.name: &amp;apos;Windows 10&amp;apos;, os.arch: &amp;apos;amd64&amp;apos;, os.version: &amp;apos;10.0&amp;apos;, java.version: &amp;apos;18.0.1.1&amp;apos;
Driver info: io.appium.java_client.android.AndroidDriver
Capabilities [{appPackage=app.tara.tara_app, statBarHeight=93, noReset=true, viewportRect={top=93, left=0, width=1080, height=2084}, deviceName=9ecba005, fullReset=false, platform=LINUX, deviceUDID=9ecba005, desired={appPackage=app.tara.tara_app, app=C:\Users\SasikalaMukkara\git\repository2\POM_TaraMerchant\apk\UnifiedApp-release_uat-3.0.0(7).apk, appActivity=app.tara.tara_app.MainActivity, noReset=true, newCommandTimeout=180, platformVersion=11, browserName=, autoGrantPermissions=true, udid=9ecba005, platformName=Android, deviceName=Redmi Sasi, fullReset=false}, newCommandTimeout=180, platformVersion=11, webStorageEnabled=false, takesScreenshot=true, browserName=, javascriptEnabled=true, udid=9ecba005, platformName=Android, deviceApiLevel=30, deviceManufacturer=Xiaomi, app=C:\Users\SasikalaMukkara\git\repository2\POM_TaraMerchant\apk\UnifiedApp-release_uat-3.0.0(7).apk, deviceScreenSize=1080x2400, networkConnectionEnabled=true, warnings={}, databaseEnabled=false, appActivity=app.tara.tara_app.MainActivity, pixelRatio=2.75, locationContextEnabled=false, autoGrantPermissions=true, deviceScreenDensity=440, deviceModel=M2101K6P}]
Session ID: d8af22cb-85de-420c-ae09-fd245a0d1e7e
*** Element info: {Using=xpath, value=//android.view.View[@content-desc=&amp;quot;Upload CSV&amp;quot;]}">
      <![CDATA[org.openqa.selenium.NoSuchElementException: An element could not be located on the page using the given search parameters. (WARNING: The server did not provide any stacktrace information)
Command duration or timeout: 10.10 seconds
For documentation on this error, please visit: http://seleniumhq.org/exceptions/no_such_element.html
Build info: version: '2.53.0', revision: '35ae25b1534ae328c771e0856c93e187490ca824', time: '2016-03-15 10:43:46'
System info: host: 'GVG139', ip: '192.168.1.229', os.name: 'Windows 10', os.arch: 'amd64', os.version: '10.0', java.version: '18.0.1.1'
Driver info: io.appium.java_client.android.AndroidDriver
Capabilities [{appPackage=app.tara.tara_app, statBarHeight=93, noReset=true, viewportRect={top=93, left=0, width=1080, height=2084}, deviceName=9ecba005, fullReset=false, platform=LINUX, deviceUDID=9ecba005, desired={appPackage=app.tara.tara_app, app=C:\Users\SasikalaMukkara\git\repository2\POM_TaraMerchant\apk\UnifiedApp-release_uat-3.0.0(7).apk, appActivity=app.tara.tara_app.MainActivity, noReset=true, newCommandTimeout=180, platformVersion=11, browserName=, autoGrantPermissions=true, udid=9ecba005, platformName=Android, deviceName=Redmi Sasi, fullReset=false}, newCommandTimeout=180, platformVersion=11, webStorageEnabled=false, takesScreenshot=true, browserName=, javascriptEnabled=true, udid=9ecba005, platformName=Android, deviceApiLevel=30, deviceManufacturer=Xiaomi, app=C:\Users\SasikalaMukkara\git\repository2\POM_TaraMerchant\apk\UnifiedApp-release_uat-3.0.0(7).apk, deviceScreenSize=1080x2400, networkConnectionEnabled=true, warnings={}, databaseEnabled=false, appActivity=app.tara.tara_app.MainActivity, pixelRatio=2.75, locationContextEnabled=false, autoGrantPermissions=true, deviceScreenDensity=440, deviceModel=M2101K6P}]
Session ID: d8af22cb-85de-420c-ae09-fd245a0d1e7e
*** Element info: {Using=xpath, value=//android.view.View[@content-desc="Upload CSV"]}
	at org.openqa.selenium.remote.ErrorHandler.createThrowable(ErrorHandler.java:206)
	at org.openqa.selenium.remote.ErrorHandler.throwIfResponseFailed(ErrorHandler.java:158)
	at org.openqa.selenium.remote.RemoteWebDriver.execute(RemoteWebDriver.java:678)
	at io.appium.java_client.DefaultGenericMobileDriver.execute(DefaultGenericMobileDriver.java:42)
	at io.appium.java_client.AppiumDriver.execute(AppiumDriver.java:1)
	at io.appium.java_client.android.AndroidDriver.execute(AndroidDriver.java:1)
	at org.openqa.selenium.remote.RemoteWebDriver.findElement(RemoteWebDriver.java:363)
	at org.openqa.selenium.remote.RemoteWebDriver.findElementByXPath(RemoteWebDriver.java:500)
	at io.appium.java_client.DefaultGenericMobileDriver.findElementByXPath(DefaultGenericMobileDriver.java:132)
	at io.appium.java_client.AppiumDriver.findElementByXPath(AppiumDriver.java:1)
	at io.appium.java_client.android.AndroidDriver.findElementByXPath(AndroidDriver.java:1)
	at com.pom.TaraMerchant.pages.AddProduct_Page.uploadCSVFile(AddProduct_Page.java:216)
	at com.pom.TaraMerchant.AddProduct_Test.UploadCSV(AddProduct_Test.java:83)
... Removed 25 stack frames]]>
    </failure>
  </testcase> <!-- UploadCSV -->
  <testcase classname="com.pom.TaraMerchant.AddProduct_Test" name="DeleteProduct" time="20.603">
    <failure type="org.openqa.selenium.NoSuchElementException" message="An element could not be located on the page using the given search parameters. (WARNING: The server did not provide any stacktrace information)
Command duration or timeout: 10.05 seconds
For documentation on this error, please visit: http://seleniumhq.org/exceptions/no_such_element.html
Build info: version: &amp;apos;2.53.0&amp;apos;, revision: &amp;apos;35ae25b1534ae328c771e0856c93e187490ca824&amp;apos;, time: &amp;apos;2016-03-15 10:43:46&amp;apos;
System info: host: &amp;apos;GVG139&amp;apos;, ip: &amp;apos;192.168.1.229&amp;apos;, os.name: &amp;apos;Windows 10&amp;apos;, os.arch: &amp;apos;amd64&amp;apos;, os.version: &amp;apos;10.0&amp;apos;, java.version: &amp;apos;18.0.1.1&amp;apos;
Driver info: io.appium.java_client.android.AndroidDriver
Capabilities [{appPackage=app.tara.tara_app, statBarHeight=93, noReset=true, viewportRect={top=93, left=0, width=1080, height=2084}, deviceName=9ecba005, fullReset=false, platform=LINUX, deviceUDID=9ecba005, desired={appPackage=app.tara.tara_app, app=C:\Users\SasikalaMukkara\git\repository2\POM_TaraMerchant\apk\UnifiedApp-release_uat-3.0.0(7).apk, appActivity=app.tara.tara_app.MainActivity, noReset=true, newCommandTimeout=180, platformVersion=11, browserName=, autoGrantPermissions=true, udid=9ecba005, platformName=Android, deviceName=Redmi Sasi, fullReset=false}, newCommandTimeout=180, platformVersion=11, webStorageEnabled=false, takesScreenshot=true, browserName=, javascriptEnabled=true, udid=9ecba005, platformName=Android, deviceApiLevel=30, deviceManufacturer=Xiaomi, app=C:\Users\SasikalaMukkara\git\repository2\POM_TaraMerchant\apk\UnifiedApp-release_uat-3.0.0(7).apk, deviceScreenSize=1080x2400, networkConnectionEnabled=true, warnings={}, databaseEnabled=false, appActivity=app.tara.tara_app.MainActivity, pixelRatio=2.75, locationContextEnabled=false, autoGrantPermissions=true, deviceScreenDensity=440, deviceModel=M2101K6P}]
Session ID: d8af22cb-85de-420c-ae09-fd245a0d1e7e
*** Element info: {Using=xpath, value=/hierarchy/android.widget.Toast}">
      <![CDATA[org.openqa.selenium.NoSuchElementException: An element could not be located on the page using the given search parameters. (WARNING: The server did not provide any stacktrace information)
Command duration or timeout: 10.05 seconds
For documentation on this error, please visit: http://seleniumhq.org/exceptions/no_such_element.html
Build info: version: '2.53.0', revision: '35ae25b1534ae328c771e0856c93e187490ca824', time: '2016-03-15 10:43:46'
System info: host: 'GVG139', ip: '192.168.1.229', os.name: 'Windows 10', os.arch: 'amd64', os.version: '10.0', java.version: '18.0.1.1'
Driver info: io.appium.java_client.android.AndroidDriver
Capabilities [{appPackage=app.tara.tara_app, statBarHeight=93, noReset=true, viewportRect={top=93, left=0, width=1080, height=2084}, deviceName=9ecba005, fullReset=false, platform=LINUX, deviceUDID=9ecba005, desired={appPackage=app.tara.tara_app, app=C:\Users\SasikalaMukkara\git\repository2\POM_TaraMerchant\apk\UnifiedApp-release_uat-3.0.0(7).apk, appActivity=app.tara.tara_app.MainActivity, noReset=true, newCommandTimeout=180, platformVersion=11, browserName=, autoGrantPermissions=true, udid=9ecba005, platformName=Android, deviceName=Redmi Sasi, fullReset=false}, newCommandTimeout=180, platformVersion=11, webStorageEnabled=false, takesScreenshot=true, browserName=, javascriptEnabled=true, udid=9ecba005, platformName=Android, deviceApiLevel=30, deviceManufacturer=Xiaomi, app=C:\Users\SasikalaMukkara\git\repository2\POM_TaraMerchant\apk\UnifiedApp-release_uat-3.0.0(7).apk, deviceScreenSize=1080x2400, networkConnectionEnabled=true, warnings={}, databaseEnabled=false, appActivity=app.tara.tara_app.MainActivity, pixelRatio=2.75, locationContextEnabled=false, autoGrantPermissions=true, deviceScreenDensity=440, deviceModel=M2101K6P}]
Session ID: d8af22cb-85de-420c-ae09-fd245a0d1e7e
*** Element info: {Using=xpath, value=/hierarchy/android.widget.Toast}
	at org.openqa.selenium.remote.ErrorHandler.createThrowable(ErrorHandler.java:206)
	at org.openqa.selenium.remote.ErrorHandler.throwIfResponseFailed(ErrorHandler.java:158)
	at org.openqa.selenium.remote.RemoteWebDriver.execute(RemoteWebDriver.java:678)
	at io.appium.java_client.DefaultGenericMobileDriver.execute(DefaultGenericMobileDriver.java:42)
	at io.appium.java_client.AppiumDriver.execute(AppiumDriver.java:1)
	at io.appium.java_client.android.AndroidDriver.execute(AndroidDriver.java:1)
	at org.openqa.selenium.remote.RemoteWebDriver.findElement(RemoteWebDriver.java:363)
	at org.openqa.selenium.remote.RemoteWebDriver.findElementByXPath(RemoteWebDriver.java:500)
	at io.appium.java_client.DefaultGenericMobileDriver.findElementByXPath(DefaultGenericMobileDriver.java:132)
	at io.appium.java_client.AppiumDriver.findElementByXPath(AppiumDriver.java:1)
	at io.appium.java_client.android.AndroidDriver.findElementByXPath(AndroidDriver.java:1)
	at com.pom.TaraMerchant.pages.base.BasePage.captureToastmessage(BasePage.java:93)
	at com.pom.TaraMerchant.pages.AddProduct_Page.DeleteProduct(AddProduct_Page.java:202)
	at com.pom.TaraMerchant.AddProduct_Test.DeleteProduct(AddProduct_Test.java:74)
... Removed 25 stack frames]]>
    </failure>
  </testcase> <!-- DeleteProduct -->
  <testcase classname="com.pom.TaraMerchant.AddProduct_Test" name="EditProduct" time="10.766">
    <failure type="org.openqa.selenium.NoSuchElementException" message="An element could not be located on the page using the given search parameters. (WARNING: The server did not provide any stacktrace information)
Command duration or timeout: 10.09 seconds
For documentation on this error, please visit: http://seleniumhq.org/exceptions/no_such_element.html
Build info: version: &amp;apos;2.53.0&amp;apos;, revision: &amp;apos;35ae25b1534ae328c771e0856c93e187490ca824&amp;apos;, time: &amp;apos;2016-03-15 10:43:46&amp;apos;
System info: host: &amp;apos;GVG139&amp;apos;, ip: &amp;apos;192.168.1.229&amp;apos;, os.name: &amp;apos;Windows 10&amp;apos;, os.arch: &amp;apos;amd64&amp;apos;, os.version: &amp;apos;10.0&amp;apos;, java.version: &amp;apos;18.0.1.1&amp;apos;
Driver info: io.appium.java_client.android.AndroidDriver
Capabilities [{appPackage=app.tara.tara_app, statBarHeight=93, noReset=true, viewportRect={top=93, left=0, width=1080, height=2084}, deviceName=9ecba005, fullReset=false, platform=LINUX, deviceUDID=9ecba005, desired={appPackage=app.tara.tara_app, app=C:\Users\SasikalaMukkara\git\repository2\POM_TaraMerchant\apk\UnifiedApp-release_uat-3.0.0(7).apk, appActivity=app.tara.tara_app.MainActivity, noReset=true, newCommandTimeout=180, platformVersion=11, browserName=, autoGrantPermissions=true, udid=9ecba005, platformName=Android, deviceName=Redmi Sasi, fullReset=false}, newCommandTimeout=180, platformVersion=11, webStorageEnabled=false, takesScreenshot=true, browserName=, javascriptEnabled=true, udid=9ecba005, platformName=Android, deviceApiLevel=30, deviceManufacturer=Xiaomi, app=C:\Users\SasikalaMukkara\git\repository2\POM_TaraMerchant\apk\UnifiedApp-release_uat-3.0.0(7).apk, deviceScreenSize=1080x2400, networkConnectionEnabled=true, warnings={}, databaseEnabled=false, appActivity=app.tara.tara_app.MainActivity, pixelRatio=2.75, locationContextEnabled=false, autoGrantPermissions=true, deviceScreenDensity=440, deviceModel=M2101K6P}]
Session ID: d8af22cb-85de-420c-ae09-fd245a0d1e7e
*** Element info: {Using=xpath, value=//android.widget.EditText[@index=&amp;apos;1&amp;apos;]}">
      <![CDATA[org.openqa.selenium.NoSuchElementException: An element could not be located on the page using the given search parameters. (WARNING: The server did not provide any stacktrace information)
Command duration or timeout: 10.09 seconds
For documentation on this error, please visit: http://seleniumhq.org/exceptions/no_such_element.html
Build info: version: '2.53.0', revision: '35ae25b1534ae328c771e0856c93e187490ca824', time: '2016-03-15 10:43:46'
System info: host: 'GVG139', ip: '192.168.1.229', os.name: 'Windows 10', os.arch: 'amd64', os.version: '10.0', java.version: '18.0.1.1'
Driver info: io.appium.java_client.android.AndroidDriver
Capabilities [{appPackage=app.tara.tara_app, statBarHeight=93, noReset=true, viewportRect={top=93, left=0, width=1080, height=2084}, deviceName=9ecba005, fullReset=false, platform=LINUX, deviceUDID=9ecba005, desired={appPackage=app.tara.tara_app, app=C:\Users\SasikalaMukkara\git\repository2\POM_TaraMerchant\apk\UnifiedApp-release_uat-3.0.0(7).apk, appActivity=app.tara.tara_app.MainActivity, noReset=true, newCommandTimeout=180, platformVersion=11, browserName=, autoGrantPermissions=true, udid=9ecba005, platformName=Android, deviceName=Redmi Sasi, fullReset=false}, newCommandTimeout=180, platformVersion=11, webStorageEnabled=false, takesScreenshot=true, browserName=, javascriptEnabled=true, udid=9ecba005, platformName=Android, deviceApiLevel=30, deviceManufacturer=Xiaomi, app=C:\Users\SasikalaMukkara\git\repository2\POM_TaraMerchant\apk\UnifiedApp-release_uat-3.0.0(7).apk, deviceScreenSize=1080x2400, networkConnectionEnabled=true, warnings={}, databaseEnabled=false, appActivity=app.tara.tara_app.MainActivity, pixelRatio=2.75, locationContextEnabled=false, autoGrantPermissions=true, deviceScreenDensity=440, deviceModel=M2101K6P}]
Session ID: d8af22cb-85de-420c-ae09-fd245a0d1e7e
*** Element info: {Using=xpath, value=//android.widget.EditText[@index='1']}
	at org.openqa.selenium.remote.ErrorHandler.createThrowable(ErrorHandler.java:206)
	at org.openqa.selenium.remote.ErrorHandler.throwIfResponseFailed(ErrorHandler.java:158)
	at org.openqa.selenium.remote.RemoteWebDriver.execute(RemoteWebDriver.java:678)
	at io.appium.java_client.DefaultGenericMobileDriver.execute(DefaultGenericMobileDriver.java:42)
	at io.appium.java_client.AppiumDriver.execute(AppiumDriver.java:1)
	at io.appium.java_client.android.AndroidDriver.execute(AndroidDriver.java:1)
	at org.openqa.selenium.remote.RemoteWebDriver.findElement(RemoteWebDriver.java:363)
	at org.openqa.selenium.remote.RemoteWebDriver.findElementByXPath(RemoteWebDriver.java:500)
	at io.appium.java_client.DefaultGenericMobileDriver.findElementByXPath(DefaultGenericMobileDriver.java:132)
	at io.appium.java_client.AppiumDriver.findElementByXPath(AppiumDriver.java:1)
	at io.appium.java_client.android.AndroidDriver.findElementByXPath(AndroidDriver.java:1)
	at org.openqa.selenium.By$ByXPath.findElement(By.java:361)
	at org.openqa.selenium.remote.RemoteWebDriver.findElement(RemoteWebDriver.java:355)
	at io.appium.java_client.DefaultGenericMobileDriver.findElement(DefaultGenericMobileDriver.java:52)
	at io.appium.java_client.AppiumDriver.findElement(AppiumDriver.java:1)
	at io.appium.java_client.android.AndroidDriver.findElement(AndroidDriver.java:1)
	at org.openqa.selenium.support.pagefactory.DefaultElementLocator.findElement(DefaultElementLocator.java:69)
	at org.openqa.selenium.support.pagefactory.internal.LocatingElementHandler.invoke(LocatingElementHandler.java:38)
	at jdk.proxy2/jdk.proxy2.$Proxy11.sendKeys(Unknown Source)
	at com.pom.TaraMerchant.pages.AddProduct_Page.EditProduct(AddProduct_Page.java:177)
	at com.pom.TaraMerchant.AddProduct_Test.EditProduct(AddProduct_Test.java:64)
... Removed 25 stack frames]]>
    </failure>
  </testcase> <!-- EditProduct -->
  <testcase classname="com.pom.TaraMerchant.AddProduct_Test" name="AddproductmoreDiscountthanprice" time="21.342">
    <failure type="org.openqa.selenium.TimeoutException" message="Timed out after 10 seconds waiting for element to be clickable: Proxy element for: DefaultElementLocator &amp;apos;By.xpath: //android.view.View[@content-desc=&amp;quot;ADD PRODUCT&amp;quot;]&amp;apos;
Build info: version: &amp;apos;2.53.0&amp;apos;, revision: &amp;apos;35ae25b1534ae328c771e0856c93e187490ca824&amp;apos;, time: &amp;apos;2016-03-15 10:43:46&amp;apos;
System info: host: &amp;apos;GVG139&amp;apos;, ip: &amp;apos;192.168.1.229&amp;apos;, os.name: &amp;apos;Windows 10&amp;apos;, os.arch: &amp;apos;amd64&amp;apos;, os.version: &amp;apos;10.0&amp;apos;, java.version: &amp;apos;18.0.1.1&amp;apos;
Driver info: io.appium.java_client.android.AndroidDriver
Capabilities [{appPackage=app.tara.tara_app, statBarHeight=93, noReset=true, viewportRect={top=93, left=0, width=1080, height=2084}, deviceName=9ecba005, fullReset=false, platform=LINUX, deviceUDID=9ecba005, desired={appPackage=app.tara.tara_app, app=C:\Users\SasikalaMukkara\git\repository2\POM_TaraMerchant\apk\UnifiedApp-release_uat-3.0.0(7).apk, appActivity=app.tara.tara_app.MainActivity, noReset=true, newCommandTimeout=180, platformVersion=11, browserName=, autoGrantPermissions=true, udid=9ecba005, platformName=Android, deviceName=Redmi Sasi, fullReset=false}, newCommandTimeout=180, platformVersion=11, webStorageEnabled=false, takesScreenshot=true, browserName=, javascriptEnabled=true, udid=9ecba005, platformName=Android, deviceApiLevel=30, deviceManufacturer=Xiaomi, app=C:\Users\SasikalaMukkara\git\repository2\POM_TaraMerchant\apk\UnifiedApp-release_uat-3.0.0(7).apk, deviceScreenSize=1080x2400, networkConnectionEnabled=true, warnings={}, databaseEnabled=false, appActivity=app.tara.tara_app.MainActivity, pixelRatio=2.75, locationContextEnabled=false, autoGrantPermissions=true, deviceScreenDensity=440, deviceModel=M2101K6P}]
Session ID: d8af22cb-85de-420c-ae09-fd245a0d1e7e">
      <![CDATA[org.openqa.selenium.TimeoutException: Timed out after 10 seconds waiting for element to be clickable: Proxy element for: DefaultElementLocator 'By.xpath: //android.view.View[@content-desc="ADD PRODUCT"]'
Build info: version: '2.53.0', revision: '35ae25b1534ae328c771e0856c93e187490ca824', time: '2016-03-15 10:43:46'
System info: host: 'GVG139', ip: '192.168.1.229', os.name: 'Windows 10', os.arch: 'amd64', os.version: '10.0', java.version: '18.0.1.1'
Driver info: io.appium.java_client.android.AndroidDriver
Capabilities [{appPackage=app.tara.tara_app, statBarHeight=93, noReset=true, viewportRect={top=93, left=0, width=1080, height=2084}, deviceName=9ecba005, fullReset=false, platform=LINUX, deviceUDID=9ecba005, desired={appPackage=app.tara.tara_app, app=C:\Users\SasikalaMukkara\git\repository2\POM_TaraMerchant\apk\UnifiedApp-release_uat-3.0.0(7).apk, appActivity=app.tara.tara_app.MainActivity, noReset=true, newCommandTimeout=180, platformVersion=11, browserName=, autoGrantPermissions=true, udid=9ecba005, platformName=Android, deviceName=Redmi Sasi, fullReset=false}, newCommandTimeout=180, platformVersion=11, webStorageEnabled=false, takesScreenshot=true, browserName=, javascriptEnabled=true, udid=9ecba005, platformName=Android, deviceApiLevel=30, deviceManufacturer=Xiaomi, app=C:\Users\SasikalaMukkara\git\repository2\POM_TaraMerchant\apk\UnifiedApp-release_uat-3.0.0(7).apk, deviceScreenSize=1080x2400, networkConnectionEnabled=true, warnings={}, databaseEnabled=false, appActivity=app.tara.tara_app.MainActivity, pixelRatio=2.75, locationContextEnabled=false, autoGrantPermissions=true, deviceScreenDensity=440, deviceModel=M2101K6P}]
Session ID: d8af22cb-85de-420c-ae09-fd245a0d1e7e
	at org.openqa.selenium.support.ui.WebDriverWait.timeoutException(WebDriverWait.java:80)
	at org.openqa.selenium.support.ui.FluentWait.until(FluentWait.java:261)
	at com.pom.TaraMerchant.pages.base.BasePage.waitForElementforClick(BasePage.java:116)
	at com.pom.TaraMerchant.pages.AddProduct_Page.AddproductmoreDiscountthanprice(AddProduct_Page.java:301)
	at com.pom.TaraMerchant.AddProduct_Test.AddproductmoreDiscountthanprice(AddProduct_Test.java:93)
Caused by: org.openqa.selenium.NoSuchElementException: An element could not be located on the page using the given search parameters. (WARNING: The server did not provide any stacktrace information)
Command duration or timeout: 10.10 seconds
For documentation on this error, please visit: http://seleniumhq.org/exceptions/no_such_element.html
Build info: version: '2.53.0', revision: '35ae25b1534ae328c771e0856c93e187490ca824', time: '2016-03-15 10:43:46'
System info: host: 'GVG139', ip: '192.168.1.229', os.name: 'Windows 10', os.arch: 'amd64', os.version: '10.0', java.version: '18.0.1.1'
Driver info: io.appium.java_client.android.AndroidDriver
Capabilities [{appPackage=app.tara.tara_app, statBarHeight=93, noReset=true, viewportRect={top=93, left=0, width=1080, height=2084}, deviceName=9ecba005, fullReset=false, platform=LINUX, deviceUDID=9ecba005, desired={appPackage=app.tara.tara_app, app=C:\Users\SasikalaMukkara\git\repository2\POM_TaraMerchant\apk\UnifiedApp-release_uat-3.0.0(7).apk, appActivity=app.tara.tara_app.MainActivity, noReset=true, newCommandTimeout=180, platformVersion=11, browserName=, autoGrantPermissions=true, udid=9ecba005, platformName=Android, deviceName=Redmi Sasi, fullReset=false}, newCommandTimeout=180, platformVersion=11, webStorageEnabled=false, takesScreenshot=true, browserName=, javascriptEnabled=true, udid=9ecba005, platformName=Android, deviceApiLevel=30, deviceManufacturer=Xiaomi, app=C:\Users\SasikalaMukkara\git\repository2\POM_TaraMerchant\apk\UnifiedApp-release_uat-3.0.0(7).apk, deviceScreenSize=1080x2400, networkConnectionEnabled=true, warnings={}, databaseEnabled=false, appActivity=app.tara.tara_app.MainActivity, pixelRatio=2.75, locationContextEnabled=false, autoGrantPermissions=true, deviceScreenDensity=440, deviceModel=M2101K6P}]
Session ID: d8af22cb-85de-420c-ae09-fd245a0d1e7e
*** Element info: {Using=xpath, value=//android.view.View[@content-desc="ADD PRODUCT"]}
	at org.openqa.selenium.remote.ErrorHandler.createThrowable(ErrorHandler.java:206)
	at org.openqa.selenium.remote.ErrorHandler.throwIfResponseFailed(ErrorHandler.java:158)
	at org.openqa.selenium.remote.RemoteWebDriver.execute(RemoteWebDriver.java:678)
	at io.appium.java_client.DefaultGenericMobileDriver.execute(DefaultGenericMobileDriver.java:42)
	at io.appium.java_client.AppiumDriver.execute(AppiumDriver.java:1)
	at io.appium.java_client.android.AndroidDriver.execute(AndroidDriver.java:1)
	at org.openqa.selenium.remote.RemoteWebDriver.findElement(RemoteWebDriver.java:363)
	at org.openqa.selenium.remote.RemoteWebDriver.findElementByXPath(RemoteWebDriver.java:500)
	at io.appium.java_client.DefaultGenericMobileDriver.findElementByXPath(DefaultGenericMobileDriver.java:132)
	at io.appium.java_client.AppiumDriver.findElementByXPath(AppiumDriver.java:1)
	at io.appium.java_client.android.AndroidDriver.findElementByXPath(AndroidDriver.java:1)
	at org.openqa.selenium.By$ByXPath.findElement(By.java:361)
	at org.openqa.selenium.remote.RemoteWebDriver.findElement(RemoteWebDriver.java:355)
	at io.appium.java_client.DefaultGenericMobileDriver.findElement(DefaultGenericMobileDriver.java:52)
	at io.appium.java_client.AppiumDriver.findElement(AppiumDriver.java:1)
	at io.appium.java_client.android.AndroidDriver.findElement(AndroidDriver.java:1)
	at org.openqa.selenium.support.pagefactory.DefaultElementLocator.findElement(DefaultElementLocator.java:69)
	at org.openqa.selenium.support.pagefactory.internal.LocatingElementHandler.invoke(LocatingElementHandler.java:38)
	at jdk.proxy2/jdk.proxy2.$Proxy11.isDisplayed(Unknown Source)
	at org.openqa.selenium.support.ui.ExpectedConditions.elementIfVisible(ExpectedConditions.java:302)
	at org.openqa.selenium.support.ui.ExpectedConditions.access$100(ExpectedConditions.java:41)
	at org.openqa.selenium.support.ui.ExpectedConditions$10.apply(ExpectedConditions.java:288)
	at org.openqa.selenium.support.ui.ExpectedConditions$10.apply(ExpectedConditions.java:285)
	at org.openqa.selenium.support.ui.ExpectedConditions$23.apply(ExpectedConditions.java:687)
	at org.openqa.selenium.support.ui.ExpectedConditions$23.apply(ExpectedConditions.java:680)
	at org.openqa.selenium.support.ui.FluentWait.until(FluentWait.java:238)
	... 25 more
... Removed 25 stack frames]]>
    </failure>
  </testcase> <!-- AddproductmoreDiscountthanprice -->
  <testcase classname="com.pom.TaraMerchant.AddProduct_Test" name="AddProductWithoutName" time="5.453">
    <failure type="org.openqa.selenium.WebDriverException" message="An unknown server-side error occurred while processing the command. Original error: Could not proxy command to the remote server. Original error: socket hang up (WARNING: The server did not provide any stacktrace information)
Command duration or timeout: 5.45 seconds
Build info: version: &amp;apos;2.53.0&amp;apos;, revision: &amp;apos;35ae25b1534ae328c771e0856c93e187490ca824&amp;apos;, time: &amp;apos;2016-03-15 10:43:46&amp;apos;
System info: host: &amp;apos;GVG139&amp;apos;, ip: &amp;apos;192.168.1.229&amp;apos;, os.name: &amp;apos;Windows 10&amp;apos;, os.arch: &amp;apos;amd64&amp;apos;, os.version: &amp;apos;10.0&amp;apos;, java.version: &amp;apos;18.0.1.1&amp;apos;
Driver info: io.appium.java_client.android.AndroidDriver
Capabilities [{appPackage=app.tara.tara_app, statBarHeight=93, noReset=true, viewportRect={top=93, left=0, width=1080, height=2084}, deviceName=9ecba005, fullReset=false, platform=LINUX, deviceUDID=9ecba005, desired={appPackage=app.tara.tara_app, app=C:\Users\SasikalaMukkara\git\repository2\POM_TaraMerchant\apk\UnifiedApp-release_uat-3.0.0(7).apk, appActivity=app.tara.tara_app.MainActivity, noReset=true, newCommandTimeout=180, platformVersion=11, browserName=, autoGrantPermissions=true, udid=9ecba005, platformName=Android, deviceName=Redmi Sasi, fullReset=false}, newCommandTimeout=180, platformVersion=11, webStorageEnabled=false, takesScreenshot=true, browserName=, javascriptEnabled=true, udid=9ecba005, platformName=Android, deviceApiLevel=30, deviceManufacturer=Xiaomi, app=C:\Users\SasikalaMukkara\git\repository2\POM_TaraMerchant\apk\UnifiedApp-release_uat-3.0.0(7).apk, deviceScreenSize=1080x2400, networkConnectionEnabled=true, warnings={}, databaseEnabled=false, appActivity=app.tara.tara_app.MainActivity, pixelRatio=2.75, locationContextEnabled=false, autoGrantPermissions=true, deviceScreenDensity=440, deviceModel=M2101K6P}]
Session ID: d8af22cb-85de-420c-ae09-fd245a0d1e7e
*** Element info: {Using=xpath, value=//android.view.View[@content-desc=&amp;quot;ADD PRODUCT&amp;quot;]}">
      <![CDATA[org.openqa.selenium.WebDriverException: An unknown server-side error occurred while processing the command. Original error: Could not proxy command to the remote server. Original error: socket hang up (WARNING: The server did not provide any stacktrace information)
Command duration or timeout: 5.45 seconds
Build info: version: '2.53.0', revision: '35ae25b1534ae328c771e0856c93e187490ca824', time: '2016-03-15 10:43:46'
System info: host: 'GVG139', ip: '192.168.1.229', os.name: 'Windows 10', os.arch: 'amd64', os.version: '10.0', java.version: '18.0.1.1'
Driver info: io.appium.java_client.android.AndroidDriver
Capabilities [{appPackage=app.tara.tara_app, statBarHeight=93, noReset=true, viewportRect={top=93, left=0, width=1080, height=2084}, deviceName=9ecba005, fullReset=false, platform=LINUX, deviceUDID=9ecba005, desired={appPackage=app.tara.tara_app, app=C:\Users\SasikalaMukkara\git\repository2\POM_TaraMerchant\apk\UnifiedApp-release_uat-3.0.0(7).apk, appActivity=app.tara.tara_app.MainActivity, noReset=true, newCommandTimeout=180, platformVersion=11, browserName=, autoGrantPermissions=true, udid=9ecba005, platformName=Android, deviceName=Redmi Sasi, fullReset=false}, newCommandTimeout=180, platformVersion=11, webStorageEnabled=false, takesScreenshot=true, browserName=, javascriptEnabled=true, udid=9ecba005, platformName=Android, deviceApiLevel=30, deviceManufacturer=Xiaomi, app=C:\Users\SasikalaMukkara\git\repository2\POM_TaraMerchant\apk\UnifiedApp-release_uat-3.0.0(7).apk, deviceScreenSize=1080x2400, networkConnectionEnabled=true, warnings={}, databaseEnabled=false, appActivity=app.tara.tara_app.MainActivity, pixelRatio=2.75, locationContextEnabled=false, autoGrantPermissions=true, deviceScreenDensity=440, deviceModel=M2101K6P}]
Session ID: d8af22cb-85de-420c-ae09-fd245a0d1e7e
*** Element info: {Using=xpath, value=//android.view.View[@content-desc="ADD PRODUCT"]}
	at org.openqa.selenium.remote.ErrorHandler.createThrowable(ErrorHandler.java:206)
	at org.openqa.selenium.remote.ErrorHandler.throwIfResponseFailed(ErrorHandler.java:158)
	at org.openqa.selenium.remote.RemoteWebDriver.execute(RemoteWebDriver.java:678)
	at io.appium.java_client.DefaultGenericMobileDriver.execute(DefaultGenericMobileDriver.java:42)
	at io.appium.java_client.AppiumDriver.execute(AppiumDriver.java:1)
	at io.appium.java_client.android.AndroidDriver.execute(AndroidDriver.java:1)
	at org.openqa.selenium.remote.RemoteWebDriver.findElement(RemoteWebDriver.java:363)
	at org.openqa.selenium.remote.RemoteWebDriver.findElementByXPath(RemoteWebDriver.java:500)
	at io.appium.java_client.DefaultGenericMobileDriver.findElementByXPath(DefaultGenericMobileDriver.java:132)
	at io.appium.java_client.AppiumDriver.findElementByXPath(AppiumDriver.java:1)
	at io.appium.java_client.android.AndroidDriver.findElementByXPath(AndroidDriver.java:1)
	at org.openqa.selenium.By$ByXPath.findElement(By.java:361)
	at org.openqa.selenium.remote.RemoteWebDriver.findElement(RemoteWebDriver.java:355)
	at io.appium.java_client.DefaultGenericMobileDriver.findElement(DefaultGenericMobileDriver.java:52)
	at io.appium.java_client.AppiumDriver.findElement(AppiumDriver.java:1)
	at io.appium.java_client.android.AndroidDriver.findElement(AndroidDriver.java:1)
	at org.openqa.selenium.support.pagefactory.DefaultElementLocator.findElement(DefaultElementLocator.java:69)
	at org.openqa.selenium.support.pagefactory.internal.LocatingElementHandler.invoke(LocatingElementHandler.java:38)
	at jdk.proxy2/jdk.proxy2.$Proxy11.isDisplayed(Unknown Source)
	at org.openqa.selenium.support.ui.ExpectedConditions.elementIfVisible(ExpectedConditions.java:302)
	at org.openqa.selenium.support.ui.ExpectedConditions.access$100(ExpectedConditions.java:41)
	at org.openqa.selenium.support.ui.ExpectedConditions$10.apply(ExpectedConditions.java:288)
	at org.openqa.selenium.support.ui.ExpectedConditions$10.apply(ExpectedConditions.java:285)
	at org.openqa.selenium.support.ui.ExpectedConditions$23.apply(ExpectedConditions.java:687)
	at org.openqa.selenium.support.ui.ExpectedConditions$23.apply(ExpectedConditions.java:680)
	at org.openqa.selenium.support.ui.FluentWait.until(FluentWait.java:238)
	at com.pom.TaraMerchant.pages.base.BasePage.waitForElementforClick(BasePage.java:116)
	at com.pom.TaraMerchant.pages.AddProduct_Page.AddProductWithoutName(AddProduct_Page.java:267)
	at com.pom.TaraMerchant.AddProduct_Test.AddProductWithoutName(AddProduct_Test.java:103)
... Removed 25 stack frames]]>
    </failure>
  </testcase> <!-- AddProductWithoutName -->
</testsuite> <!-- Priority1Test -->
