<?xml version="1.0" encoding="UTF-8"?>
<testng-results total="1" passed="1" failed="0" skipped="0">
  <reporter-output>
  </reporter-output>
  <suite started-at="2022-09-01T07:30:26Z" name="Default suite" finished-at="2022-09-01T07:31:20Z" duration-ms="54088">
    <groups>
    </groups>
    <test started-at="2022-09-01T07:30:26Z" name="Default test" finished-at="2022-09-01T07:31:20Z" duration-ms="54088">
      <class name="com.pom.TaraMerchant.practice">
        <test-method signature="InventoryOutOfStocks()[pri:0, instance:com.pom.TaraMerchant.practice@7d286fb6]" started-at="2022-09-01T13:00:26Z" name="InventoryOutOfStocks" finished-at="2022-09-01T13:01:19Z" duration-ms="53716" status="PASS">
          <reporter-output>
          </reporter-output>
        </test-method> <!-- InventoryOutOfStocks -->
        <test-method is-config="true" signature="quit()[pri:0, instance:com.pom.TaraMerchant.practice@7d286fb6]" started-at="2022-09-01T13:01:19Z" name="quit" finished-at="2022-09-01T13:01:20Z" duration-ms="345" status="PASS">
          <reporter-output>
          </reporter-output>
        </test-method> <!-- quit -->
      </class> <!-- com.pom.TaraMerchant.practice -->
    </test> <!-- Default test -->
  </suite> <!-- Default suite -->
</testng-results>
